<?xml version="1.0" ?>
<coverage version="7.10.1" timestamp="1757619477942" lines-valid="112" lines-covered="82" line-rate="0.7321" branches-valid="24" branches-covered="18" branch-rate="0.75" complexity="0">
	<!-- Generated by coverage.py: https://coverage.readthedocs.io/en/7.10.1 -->
	<!-- Based on https://raw.githubusercontent.com/cobertura/web/master/htdocs/xml/coverage-04.dtd -->
	<sources>
		<source></source>
	</sources>
	<packages>
		<package name="src.processors" line-rate="0.5741" branch-rate="0.8571" complexity="0">
			<classes>
				<class name="__init__.py" filename="src/processors/__init__.py" complexity="0" line-rate="1" branch-rate="1">
					<methods/>
					<lines/>
				</class>
				<class name="docling_analytical.py" filename="src/processors/docling_analytical.py" complexity="0" line-rate="0.5741" branch-rate="0.8571">
					<methods/>
					<lines>
						<line number="7" hits="1"/>
						<line number="8" hits="1"/>
						<line number="10" hits="1"/>
						<line number="11" hits="1"/>
						<line number="12" hits="1"/>
						<line number="16" hits="1"/>
						<line number="17" hits="1"/>
						<line number="22" hits="1"/>
						<line number="26" hits="1"/>
						<line number="28" hits="1"/>
						<line number="29" hits="1"/>
						<line number="30" hits="1"/>
						<line number="35" hits="1"/>
						<line number="38" hits="1"/>
						<line number="39" hits="1" branch="true" condition-coverage="100% (2/2)"/>
						<line number="40" hits="1"/>
						<line number="41" hits="1" branch="true" condition-coverage="100% (2/2)"/>
						<line number="42" hits="1"/>
						<line number="43" hits="1"/>
						<line number="46" hits="1"/>
						<line number="51" hits="1"/>
						<line number="53" hits="1" branch="true" condition-coverage="100% (2/2)"/>
						<line number="54" hits="1"/>
						<line number="55" hits="1" branch="true" condition-coverage="100% (2/2)"/>
						<line number="56" hits="1"/>
						<line number="57" hits="1" branch="true" condition-coverage="100% (2/2)"/>
						<line number="58" hits="1"/>
						<line number="59" hits="1" branch="true" condition-coverage="100% (2/2)"/>
						<line number="60" hits="1"/>
						<line number="62" hits="1"/>
						<line number="65" hits="1"/>
						<line number="73" hits="0"/>
						<line number="77" hits="0"/>
						<line number="78" hits="0"/>
						<line number="79" hits="0"/>
						<line number="80" hits="0"/>
						<line number="81" hits="0"/>
						<line number="84" hits="0"/>
						<line number="86" hits="0"/>
						<line number="89" hits="0"/>
						<line number="98" hits="0"/>
						<line number="101" hits="0" branch="true" condition-coverage="0% (0/2)" missing-branches="exit,102"/>
						<line number="102" hits="0"/>
						<line number="103" hits="0"/>
						<line number="105" hits="0"/>
						<line number="106" hits="0"/>
						<line number="108" hits="0"/>
						<line number="113" hits="0"/>
						<line number="122" hits="0"/>
						<line number="127" hits="0"/>
						<line number="137" hits="0"/>
						<line number="147" hits="0"/>
						<line number="151" hits="0"/>
						<line number="152" hits="0"/>
					</lines>
				</class>
			</classes>
		</package>
		<package name="src.services" line-rate="1" branch-rate="1" complexity="0">
			<classes>
				<class name="__init__.py" filename="src/services/__init__.py" complexity="0" line-rate="1" branch-rate="1">
					<methods/>
					<lines/>
				</class>
				<class name="llmwhisperer.py" filename="src/services/llmwhisperer.py" complexity="0" line-rate="1" branch-rate="1">
					<methods/>
					<lines>
						<line number="1" hits="1"/>
						<line number="2" hits="1"/>
						<line number="5" hits="1"/>
						<line number="41" hits="1"/>
						<line number="42" hits="1"/>
						<line number="43" hits="1"/>
						<line number="50" hits="1"/>
						<line number="51" hits="1"/>
						<line number="52" hits="1"/>
						<line number="53" hits="1"/>
						<line number="54" hits="1"/>
						<line number="55" hits="1"/>
					</lines>
				</class>
			</classes>
		</package>
		<package name="src.utils" line-rate="0.8478" branch-rate="0.6" complexity="0">
			<classes>
				<class name="__init__.py" filename="src/utils/__init__.py" complexity="0" line-rate="1" branch-rate="1">
					<methods/>
					<lines/>
				</class>
				<class name="constants.py" filename="src/utils/constants.py" complexity="0" line-rate="1" branch-rate="1">
					<methods/>
					<lines>
						<line number="1" hits="1"/>
						<line number="3" hits="1"/>
						<line number="5" hits="1"/>
						<line number="14" hits="1"/>
						<line number="24" hits="1"/>
						<line number="29" hits="1"/>
						<line number="30" hits="1"/>
						<line number="31" hits="1"/>
					</lines>
				</class>
				<class name="extract_utils.py" filename="src/utils/extract_utils.py" complexity="0" line-rate="0.5882" branch-rate="0.5">
					<methods/>
					<lines>
						<line number="1" hits="1"/>
						<line number="2" hits="1"/>
						<line number="4" hits="1"/>
						<line number="9" hits="1"/>
						<line number="14" hits="1"/>
						<line number="15" hits="1" branch="true" condition-coverage="100% (2/2)"/>
						<line number="16" hits="1"/>
						<line number="17" hits="1" branch="true" condition-coverage="50% (1/2)" missing-branches="20"/>
						<line number="20" hits="0"/>
						<line number="21" hits="1"/>
						<line number="22" hits="0"/>
						<line number="23" hits="0"/>
						<line number="26" hits="1"/>
						<line number="33" hits="0"/>
						<line number="37" hits="0" branch="true" condition-coverage="0% (0/2)" missing-branches="38,39"/>
						<line number="38" hits="0"/>
						<line number="39" hits="0"/>
					</lines>
				</class>
				<class name="spliter.py" filename="src/utils/spliter.py" complexity="0" line-rate="1" branch-rate="0.75">
					<methods/>
					<lines>
						<line number="1" hits="1"/>
						<line number="3" hits="1"/>
						<line number="6" hits="1"/>
						<line number="15" hits="1"/>
						<line number="18" hits="1"/>
						<line number="35" hits="1"/>
						<line number="36" hits="1"/>
						<line number="37" hits="1"/>
						<line number="38" hits="1"/>
						<line number="39" hits="1"/>
						<line number="44" hits="1"/>
						<line number="45" hits="1" branch="true" condition-coverage="100% (2/2)"/>
						<line number="49" hits="1"/>
						<line number="53" hits="1" branch="true" condition-coverage="50% (1/2)" missing-branches="61"/>
						<line number="54" hits="1"/>
						<line number="57" hits="1"/>
						<line number="58" hits="1"/>
						<line number="59" hits="1"/>
						<line number="60" hits="1"/>
						<line number="61" hits="1"/>
						<line number="62" hits="1"/>
					</lines>
				</class>
			</classes>
		</package>
	</packages>
</coverage>
